15:04:18 **** Incremental Build of configuration Debug for project uart ****
make -j8 all 
arm-none-eabi-size  uart.elf 
   text	   data	    bss	    dec	    hex	filename
   6068	     12	   1644	   7724	   1e2c	uart.elf
Finished building: default.size.stdout
 
15:07:12 **** Incremental Build of configuration Debug for project uart ****
make -j8 all 
arm-none-eabi-size  uart.elf 
   text	   data	    bss	    dec	    hex	filename
   6068	     12	   1644	   7724	   1e2c	uart.elf
Finished building: default.size.stdout
 
15:08:07 **** Incremental Build of configuration Debug for project uart ****
make -j8 all 
arm-none-eabi-size  uart.elf 
   text	   data	    bss	    dec	    hex	filename
   6068	     12	   1644	   7724	   1e2c	uart.elf
Finished building: default.size.stdout
 
15:08:39 **** Incremental Build of configuration Debug for project uart ****
make -j8 all 
arm-none-eabi-size  uart.elf 
   text	   data	    bss	    dec	    hex	filename
   6068	     12	   1644	   7724	   1e2c	uart.elf
Finished building: default.size.stdout
 
15:08:49 **** Incremental Build of configuration Debug for project uart ****
make -j8 all 
arm-none-eabi-size  uart.elf 
   text	   data	    bss	    dec	    hex	filename
   6068	     12	   1644	   7724	   1e2c	uart.elf
Finished building: default.size.stdout
 
15:18:06 **** Incremental Build of configuration Debug for project uart ****
make -j8 all 
arm-none-eabi-size  uart.elf 
   text	   data	    bss	    dec	    hex	filename
   6068	     12	   1644	   7724	   1e2c	uart.elf
Finished building: default.size.stdout
 
15:18:31 **** Incremental Build of configuration Debug for project uart ****
make -j8 all 
arm-none-eabi-size  uart.elf 
   text	   data	    bss	    dec	    hex	filename
   6068	     12	   1644	   7724	   1e2c	uart.elf
Finished building: default.size.stdout
 
15:18:44 **** Incremental Build of configuration Debug for project uart ****
make -j8 all 
arm-none-eabi-size  uart.elf 
   text	   data	    bss	    dec	    hex	filename
   6068	     12	   1644	   7724	   1e2c	uart.elf
Finished building: default.size.stdout
 
15:20:53 **** Incremental Build of configuration Debug for project uart ****
make -j8 all 
arm-none-eabi-size  uart.elf 
   text	   data	    bss	    dec	    hex	filename
   6068	     12	   1644	   7724	   1e2c	uart.elf
Finished building: default.size.stdout
 
15:24:27 **** Incremental Build of configuration Debug for project uart ****
make -j8 all 
arm-none-eabi-size  uart.elf 
   text	   data	    bss	    dec	    hex	filename
   6068	     12	   1644	   7724	   1e2c	uart.elf
Finished building: default.size.stdout
 
15:25:30 **** Incremental Build of configuration Debug for project uart ****
make -j8 all 
arm-none-eabi-size  uart.elf 
   text	   data	    bss	    dec	    hex	filename
   6068	     12	   1644	   7724	   1e2c	uart.elf
Finished building: default.size.stdout
 
15:28:44 **** Incremental Build of configuration Debug for project uart ****
make -j8 all 
arm-none-eabi-size  uart.elf 
   text	   data	    bss	    dec	    hex	filename
   6068	     12	   1644	   7724	   1e2c	uart.elf
Finished building: default.size.stdout
 
15:29:07 **** Incremental Build of configuration Debug for project uart ****
make -j8 all 
arm-none-eabi-size  uart.elf 
   text	   data	    bss	    dec	    hex	filename
   6068	     12	   1644	   7724	   1e2c	uart.elf
Finished building: default.size.stdout
 
15:30:30 **** Incremental Build of configuration Debug for project uart ****
make -j8 all 
arm-none-eabi-size  uart.elf 
   text	   data	    bss	    dec	    hex	filename
   6068	     12	   1644	   7724	   1e2c	uart.elf
Finished building: default.size.stdout
 
15:30:37 **** Incremental Build of configuration Debug for project uart ****
make -j8 all 
arm-none-eabi-size  uart.elf 
   text	   data	    bss	    dec	    hex	filename
   6068	     12	   1644	   7724	   1e2c	uart.elf
Finished building: default.size.stdout
 
15:30:51 **** Incremental Build of configuration Debug for project uart ****
make -j8 all 
arm-none-eabi-size  uart.elf 
   text	   data	    bss	    dec	    hex	filename
   6068	     12	   1644	   7724	   1e2c	uart.elf
Finished building: default.size.stdout
 
15:31:34 **** Incremental Build of configuration Debug for project uart ****
make -j8 all 
arm-none-eabi-size  uart.elf 
   text	   data	    bss	    dec	    hex	filename
   6068	     12	   1644	   7724	   1e2c	uart.elf
Finished building: default.size.stdout
 
15:31:44 **** Incremental Build of configuration Debug for project uart ****
make -j8 all 
arm-none-eabi-size  uart.elf 
   text	   data	    bss	    dec	    hex	filename
   6068	     12	   1644	   7724	   1e2c	uart.elf
Finished building: default.size.stdout
 
15:33:28 **** Incremental Build of configuration Debug for project uart ****
make -j8 all 
arm-none-eabi-size  uart.elf 
   text	   data	    bss	    dec	    hex	filename
   6068	     12	   1644	   7724	   1e2c	uart.elf
Finished building: default.size.stdout
 
15:33:43 **** Incremental Build of configuration Debug for project uart ****
make -j8 all 
arm-none-eabi-size  uart.elf 
   text	   data	    bss	    dec	    hex	filename
   6068	     12	   1644	   7724	   1e2c	uart.elf
Finished building: default.size.stdout
 
15:34:20 **** Incremental Build of configuration Debug for project uart ****
make -j8 all 
arm-none-eabi-size  uart.elf 
   text	   data	    bss	    dec	    hex	filename
   6068	     12	   1644	   7724	   1e2c	uart.elf
Finished building: default.size.stdout
 
15:34:35 **** Incremental Build of configuration Debug for project uart ****
make -j8 all 
arm-none-eabi-size  uart.elf 
   text	   data	    bss	    dec	    hex	filename
   6068	     12	   1644	   7724	   1e2c	uart.elf
Finished building: default.size.stdout
 
15:36:01 **** Incremental Build of configuration Debug for project uart ****
make -j8 all 
arm-none-eabi-size  uart.elf 
   text	   data	    bss	    dec	    hex	filename
   6068	     12	   1644	   7724	   1e2c	uart.elf
Finished building: default.size.stdout
 
15:38:11 **** Incremental Build of configuration Debug for project uart ****
make -j8 all 
arm-none-eabi-size  uart.elf 
   text	   data	    bss	    dec	    hex	filename
   6068	     12	   1644	   7724	   1e2c	uart.elf
Finished building: default.size.stdout
 
15:38:24 **** Incremental Build of configuration Debug for project uart ****
make -j8 all 
arm-none-eabi-size  uart.elf 
   text	   data	    bss	    dec	    hex	filename
   6068	     12	   1644	   7724	   1e2c	uart.elf
Finished building: default.size.stdout
 
15:43:23 **** Incremental Build of configuration Debug for project uart ****
make -j8 all 
arm-none-eabi-size  uart.elf 
   text	   data	    bss	    dec	    hex	filename
   6068	     12	   1644	   7724	   1e2c	uart.elf
Finished building: default.size.stdout
 
15:44:00 **** Incremental Build of configuration Debug for project uart ****
make -j8 all 
arm-none-eabi-size  uart.elf 
   text	   data	    bss	    dec	    hex	filename
   6068	     12	   1644	   7724	   1e2c	uart.elf
Finished building: default.size.stdout
 
15:44:34 **** Incremental Build of configuration Debug for project uart ****
make -j8 all 
arm-none-eabi-size  uart.elf 
   text	   data	    bss	    dec	    hex	filename
   6068	     12	   1644	   7724	   1e2c	uart.elf
Finished building: default.size.stdout
 
15:46:35 **** Incremental Build of configuration Debug for project uart ****
make -j8 all 
arm-none-eabi-gcc "../Core/Src/main.c" -mcpu=cortex-m3 -std=gnu11 -g3 -DDEBUG -DUSE_HAL_DRIVER -DSTM32F103xB -c -I../Core/Inc -I../Drivers/STM32F1xx_HAL_Driver/Inc/Legacy -I../Drivers/STM32F1xx_HAL_Driver/Inc -I../Drivers/CMSIS/Device/ST/STM32F1xx/Include -I../Drivers/CMSIS/Include -O0 -ffunction-sections -fdata-sections -Wall -fstack-usage -fcyclomatic-complexity -MMD -MP -MF"Core/Src/main.d" -MT"Core/Src/main.o" --specs=nano.specs -mfloat-abi=soft -mthumb -o "Core/Src/main.o"
../Core/Src/main.c: In function 'main':
../Core/Src/main.c:70:34: error: expected '}' before ')' token
   70 |         uint8_t uartBuff[12] = {0);
      |                                ~ ^
../Core/Src/main.c:70:34: error: expected ',' or ';' before ')' token
make: *** [Core/Src/subdir.mk:34: Core/Src/main.o] Error 1
"make -j8 all" terminated with exit code 2. Build might be incomplete.
15:47:33 **** Incremental Build of configuration Debug for project uart ****
make -j8 all 
arm-none-eabi-gcc "../Core/Src/main.c" -mcpu=cortex-m3 -std=gnu11 -g3 -DDEBUG -DUSE_HAL_DRIVER -DSTM32F103xB -c -I../Core/Inc -I../Drivers/STM32F1xx_HAL_Driver/Inc/Legacy -I../Drivers/STM32F1xx_HAL_Driver/Inc -I../Drivers/CMSIS/Device/ST/STM32F1xx/Include -I../Drivers/CMSIS/Include -O0 -ffunction-sections -fdata-sections -Wall -fstack-usage -fcyclomatic-complexity -MMD -MP -MF"Core/Src/main.d" -MT"Core/Src/main.o" --specs=nano.specs -mfloat-abi=soft -mthumb -o "Core/Src/main.o"
../Core/Src/main.c: In function 'main':
../Core/Src/main.c:71:10: warning: argument 2 null where non-null expected [-Wnonnull]
   71 |          strcpy((char*)uartBuff, 0);
      |          ^~~~~~
In file included from ../Core/Src/main.c:24:
/opt/st/stm32cubeide_1.16.1/plugins/com.st.stm32cube.ide.mcu.externaltools.gnu-tools-for-stm32.12.3.rel1.linux64_1.0.200.202406132123/tools/arm-none-eabi/include/string.h:38:10: note: in a call to function 'strcpy' declared 'nonnull'
   38 | char    *strcpy (char *__restrict, const char *__restrict);
      |          ^~~~~~
arm-none-eabi-gcc -o "uart.elf" @"objects.list"   -mcpu=cortex-m3 -T"/home/aizaz/devomech/learning/stm32-f1/uart/STM32F103C8TX_FLASH.ld" --specs=nosys.specs -Wl,-Map="uart.map" -Wl,--gc-sections -static --specs=nano.specs -mfloat-abi=soft -mthumb -Wl,--start-group -lc -lm -Wl,--end-group
Finished building target: uart.elf
 
arm-none-eabi-size  uart.elf 
arm-none-eabi-objdump -h -S uart.elf  > "uart.list"
   text	   data	    bss	    dec	    hex	filename
   6096	     12	   1644	   7752	   1e48	uart.elf
Finished building: default.size.stdout
 
Finished building: uart.list
 
15:48:20 **** Incremental Build of configuration Debug for project uart ****
make -j8 all 
arm-none-eabi-gcc "../Core/Src/main.c" -mcpu=cortex-m3 -std=gnu11 -g3 -DDEBUG -DUSE_HAL_DRIVER -DSTM32F103xB -c -I../Core/Inc -I../Drivers/STM32F1xx_HAL_Driver/Inc/Legacy -I../Drivers/STM32F1xx_HAL_Driver/Inc -I../Drivers/CMSIS/Device/ST/STM32F1xx/Include -I../Drivers/CMSIS/Include -O0 -ffunction-sections -fdata-sections -Wall -fstack-usage -fcyclomatic-complexity -MMD -MP -MF"Core/Src/main.d" -MT"Core/Src/main.o" --specs=nano.specs -mfloat-abi=soft -mthumb -o "Core/Src/main.o"
../Core/Src/main.c: In function 'main':
../Core/Src/main.c:71:10: warning: argument 2 null where non-null expected [-Wnonnull]
   71 |          strcpy((char*)uartBuff, 0);
      |          ^~~~~~
In file included from ../Core/Src/main.c:24:
/opt/st/stm32cubeide_1.16.1/plugins/com.st.stm32cube.ide.mcu.externaltools.gnu-tools-for-stm32.12.3.rel1.linux64_1.0.200.202406132123/tools/arm-none-eabi/include/string.h:38:10: note: in a call to function 'strcpy' declared 'nonnull'
   38 | char    *strcpy (char *__restrict, const char *__restrict);
      |          ^~~~~~
arm-none-eabi-gcc -o "uart.elf" @"objects.list"   -mcpu=cortex-m3 -T"/home/aizaz/devomech/learning/stm32-f1/uart/STM32F103C8TX_FLASH.ld" --specs=nosys.specs -Wl,-Map="uart.map" -Wl,--gc-sections -static --specs=nano.specs -mfloat-abi=soft -mthumb -Wl,--start-group -lc -lm -Wl,--end-group
Finished building target: uart.elf
 
arm-none-eabi-size  uart.elf 
arm-none-eabi-objdump -h -S uart.elf  > "uart.list"
   text	   data	    bss	    dec	    hex	filename
   6104	     12	   1644	   7760	   1e50	uart.elf
Finished building: default.size.stdout
 
Finished building: uart.list
 
15:48:41 **** Incremental Build of configuration Debug for project uart ****
make -j8 all 
arm-none-eabi-size  uart.elf 
   text	   data	    bss	    dec	    hex	filename
   6104	     12	   1644	   7760	   1e50	uart.elf
Finished building: default.size.stdout
 
15:48:54 **** Incremental Build of configuration Debug for project uart ****
make -j8 all 
arm-none-eabi-size  uart.elf 
   text	   data	    bss	    dec	    hex	filename
   6104	     12	   1644	   7760	   1e50	uart.elf
Finished building: default.size.stdout
 
15:50:28 **** Incremental Build of configuration Debug for project uart ****
make -j8 all 
arm-none-eabi-gcc "../Core/Src/main.c" -mcpu=cortex-m3 -std=gnu11 -g3 -DDEBUG -DUSE_HAL_DRIVER -DSTM32F103xB -c -I../Core/Inc -I../Drivers/STM32F1xx_HAL_Driver/Inc/Legacy -I../Drivers/STM32F1xx_HAL_Driver/Inc -I../Drivers/CMSIS/Device/ST/STM32F1xx/Include -I../Drivers/CMSIS/Include -O0 -ffunction-sections -fdata-sections -Wall -fstack-usage -fcyclomatic-complexity -MMD -MP -MF"Core/Src/main.d" -MT"Core/Src/main.o" --specs=nano.specs -mfloat-abi=soft -mthumb -o "Core/Src/main.o"
../Core/Src/main.c: In function 'main':
../Core/Src/main.c:71:34: warning: passing argument 2 of 'strcpy' makes pointer from integer without a cast [-Wint-conversion]
   71 |          strcpy((char*)uartBuff, 'a');
      |                                  ^~~
      |                                  |
      |                                  int
In file included from ../Core/Src/main.c:24:
/opt/st/stm32cubeide_1.16.1/plugins/com.st.stm32cube.ide.mcu.externaltools.gnu-tools-for-stm32.12.3.rel1.linux64_1.0.200.202406132123/tools/arm-none-eabi/include/string.h:38:36: note: expected 'const char * restrict' but argument is of type 'int'
   38 | char    *strcpy (char *__restrict, const char *__restrict);
      |                                    ^
../Core/Src/main.c:71:10: warning: 'strcpy' reading 1 or more bytes from a region of size 0 [-Wstringop-overread]
   71 |          strcpy((char*)uartBuff, 'a');
      |          ^~~~~~~~~~~~~~~~~~~~~~~~~~~~
arm-none-eabi-gcc -o "uart.elf" @"objects.list"   -mcpu=cortex-m3 -T"/home/aizaz/devomech/learning/stm32-f1/uart/STM32F103C8TX_FLASH.ld" --specs=nosys.specs -Wl,-Map="uart.map" -Wl,--gc-sections -static --specs=nano.specs -mfloat-abi=soft -mthumb -Wl,--start-group -lc -lm -Wl,--end-group
Finished building target: uart.elf
 
arm-none-eabi-size  uart.elf 
arm-none-eabi-objdump -h -S uart.elf  > "uart.list"
   text	   data	    bss	    dec	    hex	filename
   6104	     12	   1644	   7760	   1e50	uart.elf
Finished building: default.size.stdout
 
Finished building: uart.list
 
15:52:09 **** Incremental Build of configuration Debug for project uart ****
make -j8 all 
arm-none-eabi-gcc "../Core/Src/main.c" -mcpu=cortex-m3 -std=gnu11 -g3 -DDEBUG -DUSE_HAL_DRIVER -DSTM32F103xB -c -I../Core/Inc -I../Drivers/STM32F1xx_HAL_Driver/Inc/Legacy -I../Drivers/STM32F1xx_HAL_Driver/Inc -I../Drivers/CMSIS/Device/ST/STM32F1xx/Include -I../Drivers/CMSIS/Include -O0 -ffunction-sections -fdata-sections -Wall -fstack-usage -fcyclomatic-complexity -MMD -MP -MF"Core/Src/main.d" -MT"Core/Src/main.o" --specs=nano.specs -mfloat-abi=soft -mthumb -o "Core/Src/main.o"
arm-none-eabi-gcc -o "uart.elf" @"objects.list"   -mcpu=cortex-m3 -T"/home/aizaz/devomech/learning/stm32-f1/uart/STM32F103C8TX_FLASH.ld" --specs=nosys.specs -Wl,-Map="uart.map" -Wl,--gc-sections -static --specs=nano.specs -mfloat-abi=soft -mthumb -Wl,--start-group -lc -lm -Wl,--end-group
Finished building target: uart.elf
 
arm-none-eabi-size  uart.elf 
arm-none-eabi-objdump -h -S uart.elf  > "uart.list"
   text	   data	    bss	    dec	    hex	filename
   6076	     12	   1644	   7732	   1e34	uart.elf
Finished building: default.size.stdout
 
Finished building: uart.list
 
15:53:00 **** Incremental Build of configuration Debug for project uart ****
make -j8 all 
arm-none-eabi-gcc "../Core/Src/main.c" -mcpu=cortex-m3 -std=gnu11 -g3 -DDEBUG -DUSE_HAL_DRIVER -DSTM32F103xB -c -I../Core/Inc -I../Drivers/STM32F1xx_HAL_Driver/Inc/Legacy -I../Drivers/STM32F1xx_HAL_Driver/Inc -I../Drivers/CMSIS/Device/ST/STM32F1xx/Include -I../Drivers/CMSIS/Include -O0 -ffunction-sections -fdata-sections -Wall -fstack-usage -fcyclomatic-complexity -MMD -MP -MF"Core/Src/main.d" -MT"Core/Src/main.o" --specs=nano.specs -mfloat-abi=soft -mthumb -o "Core/Src/main.o"
arm-none-eabi-gcc -o "uart.elf" @"objects.list"   -mcpu=cortex-m3 -T"/home/aizaz/devomech/learning/stm32-f1/uart/STM32F103C8TX_FLASH.ld" --specs=nosys.specs -Wl,-Map="uart.map" -Wl,--gc-sections -static --specs=nano.specs -mfloat-abi=soft -mthumb -Wl,--start-group -lc -lm -Wl,--end-group
Finished building target: uart.elf
 
arm-none-eabi-size  uart.elf 
arm-none-eabi-objdump -h -S uart.elf  > "uart.list"
   text	   data	    bss	    dec	    hex	filename
   6072	     12	   1644	   7728	   1e30	uart.elf
Finished building: default.size.stdout
 
Finished building: uart.list
 
15:53:49 **** Incremental Build of configuration Debug for project uart ****
make -j8 all 
arm-none-eabi-gcc "../Core/Src/main.c" -mcpu=cortex-m3 -std=gnu11 -g3 -DDEBUG -DUSE_HAL_DRIVER -DSTM32F103xB -c -I../Core/Inc -I../Drivers/STM32F1xx_HAL_Driver/Inc/Legacy -I../Drivers/STM32F1xx_HAL_Driver/Inc -I../Drivers/CMSIS/Device/ST/STM32F1xx/Include -I../Drivers/CMSIS/Include -O0 -ffunction-sections -fdata-sections -Wall -fstack-usage -fcyclomatic-complexity -MMD -MP -MF"Core/Src/main.d" -MT"Core/Src/main.o" --specs=nano.specs -mfloat-abi=soft -mthumb -o "Core/Src/main.o"
arm-none-eabi-gcc -o "uart.elf" @"objects.list"   -mcpu=cortex-m3 -T"/home/aizaz/devomech/learning/stm32-f1/uart/STM32F103C8TX_FLASH.ld" --specs=nosys.specs -Wl,-Map="uart.map" -Wl,--gc-sections -static --specs=nano.specs -mfloat-abi=soft -mthumb -Wl,--start-group -lc -lm -Wl,--end-group
Finished building target: uart.elf
 
arm-none-eabi-size  uart.elf 
arm-none-eabi-objdump -h -S uart.elf  > "uart.list"
   text	   data	    bss	    dec	    hex	filename
   6068	     12	   1644	   7724	   1e2c	uart.elf
Finished building: default.size.stdout
 
Finished building: uart.list
 
15:54:11 **** Incremental Build of configuration Debug for project uart ****
make -j8 all 
arm-none-eabi-size  uart.elf 
   text	   data	    bss	    dec	    hex	filename
   6068	     12	   1644	   7724	   1e2c	uart.elf
Finished building: default.size.stdout
 
15:55:32 **** Incremental Build of configuration Debug for project uart ****
make -j8 all 
arm-none-eabi-size  uart.elf 
   text	   data	    bss	    dec	    hex	filename
   6068	     12	   1644	   7724	   1e2c	uart.elf
Finished building: default.size.stdout
 
16:02:18 **** Incremental Build of configuration Debug for project uart ****
make -j8 all 
arm-none-eabi-gcc "../Drivers/STM32F1xx_HAL_Driver/Src/stm32f1xx_hal.c" -mcpu=cortex-m3 -std=gnu11 -g3 -DDEBUG -DUSE_HAL_DRIVER -DSTM32F103xB -c -I../Core/Inc -I../Drivers/STM32F1xx_HAL_Driver/Inc/Legacy -I../Drivers/STM32F1xx_HAL_Driver/Inc -I../Drivers/CMSIS/Device/ST/STM32F1xx/Include -I../Drivers/CMSIS/Include -O0 -ffunction-sections -fdata-sections -Wall -fstack-usage -fcyclomatic-complexity -MMD -MP -MF"Drivers/STM32F1xx_HAL_Driver/Src/stm32f1xx_hal.d" -MT"Drivers/STM32F1xx_HAL_Driver/Src/stm32f1xx_hal.o" --specs=nano.specs -mfloat-abi=soft -mthumb -o "Drivers/STM32F1xx_HAL_Driver/Src/stm32f1xx_hal.o"
arm-none-eabi-gcc "../Drivers/STM32F1xx_HAL_Driver/Src/stm32f1xx_hal_cortex.c" -mcpu=cortex-m3 -std=gnu11 -g3 -DDEBUG -DUSE_HAL_DRIVER -DSTM32F103xB -c -I../Core/Inc -I../Drivers/STM32F1xx_HAL_Driver/Inc/Legacy -I../Drivers/STM32F1xx_HAL_Driver/Inc -I../Drivers/CMSIS/Device/ST/STM32F1xx/Include -I../Drivers/CMSIS/Include -O0 -ffunction-sections -fdata-sections -Wall -fstack-usage -fcyclomatic-complexity -MMD -MP -MF"Drivers/STM32F1xx_HAL_Driver/Src/stm32f1xx_hal_cortex.d" -MT"Drivers/STM32F1xx_HAL_Driver/Src/stm32f1xx_hal_cortex.o" --specs=nano.specs -mfloat-abi=soft -mthumb -o "Drivers/STM32F1xx_HAL_Driver/Src/stm32f1xx_hal_cortex.o"
arm-none-eabi-gcc "../Drivers/STM32F1xx_HAL_Driver/Src/stm32f1xx_hal_dma.c" -mcpu=cortex-m3 -std=gnu11 -g3 -DDEBUG -DUSE_HAL_DRIVER -DSTM32F103xB -c -I../Core/Inc -I../Drivers/STM32F1xx_HAL_Driver/Inc/Legacy -I../Drivers/STM32F1xx_HAL_Driver/Inc -I../Drivers/CMSIS/Device/ST/STM32F1xx/Include -I../Drivers/CMSIS/Include -O0 -ffunction-sections -fdata-sections -Wall -fstack-usage -fcyclomatic-complexity -MMD -MP -MF"Drivers/STM32F1xx_HAL_Driver/Src/stm32f1xx_hal_dma.d" -MT"Drivers/STM32F1xx_HAL_Driver/Src/stm32f1xx_hal_dma.o" --specs=nano.specs -mfloat-abi=soft -mthumb -o "Drivers/STM32F1xx_HAL_Driver/Src/stm32f1xx_hal_dma.o"
arm-none-eabi-gcc "../Drivers/STM32F1xx_HAL_Driver/Src/stm32f1xx_hal_exti.c" -mcpu=cortex-m3 -std=gnu11 -g3 -DDEBUG -DUSE_HAL_DRIVER -DSTM32F103xB -c -I../Core/Inc -I../Drivers/STM32F1xx_HAL_Driver/Inc/Legacy -I../Drivers/STM32F1xx_HAL_Driver/Inc -I../Drivers/CMSIS/Device/ST/STM32F1xx/Include -I../Drivers/CMSIS/Include -O0 -ffunction-sections -fdata-sections -Wall -fstack-usage -fcyclomatic-complexity -MMD -MP -MF"Drivers/STM32F1xx_HAL_Driver/Src/stm32f1xx_hal_exti.d" -MT"Drivers/STM32F1xx_HAL_Driver/Src/stm32f1xx_hal_exti.o" --specs=nano.specs -mfloat-abi=soft -mthumb -o "Drivers/STM32F1xx_HAL_Driver/Src/stm32f1xx_hal_exti.o"
arm-none-eabi-gcc "../Drivers/STM32F1xx_HAL_Driver/Src/stm32f1xx_hal_flash.c" -mcpu=cortex-m3 -std=gnu11 -g3 -DDEBUG -DUSE_HAL_DRIVER -DSTM32F103xB -c -I../Core/Inc -I../Drivers/STM32F1xx_HAL_Driver/Inc/Legacy -I../Drivers/STM32F1xx_HAL_Driver/Inc -I../Drivers/CMSIS/Device/ST/STM32F1xx/Include -I../Drivers/CMSIS/Include -O0 -ffunction-sections -fdata-sections -Wall -fstack-usage -fcyclomatic-complexity -MMD -MP -MF"Drivers/STM32F1xx_HAL_Driver/Src/stm32f1xx_hal_flash.d" -MT"Drivers/STM32F1xx_HAL_Driver/Src/stm32f1xx_hal_flash.o" --specs=nano.specs -mfloat-abi=soft -mthumb -o "Drivers/STM32F1xx_HAL_Driver/Src/stm32f1xx_hal_flash.o"
arm-none-eabi-gcc "../Drivers/STM32F1xx_HAL_Driver/Src/stm32f1xx_hal_flash_ex.c" -mcpu=cortex-m3 -std=gnu11 -g3 -DDEBUG -DUSE_HAL_DRIVER -DSTM32F103xB -c -I../Core/Inc -I../Drivers/STM32F1xx_HAL_Driver/Inc/Legacy -I../Drivers/STM32F1xx_HAL_Driver/Inc -I../Drivers/CMSIS/Device/ST/STM32F1xx/Include -I../Drivers/CMSIS/Include -O0 -ffunction-sections -fdata-sections -Wall -fstack-usage -fcyclomatic-complexity -MMD -MP -MF"Drivers/STM32F1xx_HAL_Driver/Src/stm32f1xx_hal_flash_ex.d" -MT"Drivers/STM32F1xx_HAL_Driver/Src/stm32f1xx_hal_flash_ex.o" --specs=nano.specs -mfloat-abi=soft -mthumb -o "Drivers/STM32F1xx_HAL_Driver/Src/stm32f1xx_hal_flash_ex.o"
arm-none-eabi-gcc "../Drivers/STM32F1xx_HAL_Driver/Src/stm32f1xx_hal_gpio.c" -mcpu=cortex-m3 -std=gnu11 -g3 -DDEBUG -DUSE_HAL_DRIVER -DSTM32F103xB -c -I../Core/Inc -I../Drivers/STM32F1xx_HAL_Driver/Inc/Legacy -I../Drivers/STM32F1xx_HAL_Driver/Inc -I../Drivers/CMSIS/Device/ST/STM32F1xx/Include -I../Drivers/CMSIS/Include -O0 -ffunction-sections -fdata-sections -Wall -fstack-usage -fcyclomatic-complexity -MMD -MP -MF"Drivers/STM32F1xx_HAL_Driver/Src/stm32f1xx_hal_gpio.d" -MT"Drivers/STM32F1xx_HAL_Driver/Src/stm32f1xx_hal_gpio.o" --specs=nano.specs -mfloat-abi=soft -mthumb -o "Drivers/STM32F1xx_HAL_Driver/Src/stm32f1xx_hal_gpio.o"
arm-none-eabi-gcc "../Drivers/STM32F1xx_HAL_Driver/Src/stm32f1xx_hal_gpio_ex.c" -mcpu=cortex-m3 -std=gnu11 -g3 -DDEBUG -DUSE_HAL_DRIVER -DSTM32F103xB -c -I../Core/Inc -I../Drivers/STM32F1xx_HAL_Driver/Inc/Legacy -I../Drivers/STM32F1xx_HAL_Driver/Inc -I../Drivers/CMSIS/Device/ST/STM32F1xx/Include -I../Drivers/CMSIS/Include -O0 -ffunction-sections -fdata-sections -Wall -fstack-usage -fcyclomatic-complexity -MMD -MP -MF"Drivers/STM32F1xx_HAL_Driver/Src/stm32f1xx_hal_gpio_ex.d" -MT"Drivers/STM32F1xx_HAL_Driver/Src/stm32f1xx_hal_gpio_ex.o" --specs=nano.specs -mfloat-abi=soft -mthumb -o "Drivers/STM32F1xx_HAL_Driver/Src/stm32f1xx_hal_gpio_ex.o"
arm-none-eabi-gcc "../Drivers/STM32F1xx_HAL_Driver/Src/stm32f1xx_hal_pwr.c" -mcpu=cortex-m3 -std=gnu11 -g3 -DDEBUG -DUSE_HAL_DRIVER -DSTM32F103xB -c -I../Core/Inc -I../Drivers/STM32F1xx_HAL_Driver/Inc/Legacy -I../Drivers/STM32F1xx_HAL_Driver/Inc -I../Drivers/CMSIS/Device/ST/STM32F1xx/Include -I../Drivers/CMSIS/Include -O0 -ffunction-sections -fdata-sections -Wall -fstack-usage -fcyclomatic-complexity -MMD -MP -MF"Drivers/STM32F1xx_HAL_Driver/Src/stm32f1xx_hal_pwr.d" -MT"Drivers/STM32F1xx_HAL_Driver/Src/stm32f1xx_hal_pwr.o" --specs=nano.specs -mfloat-abi=soft -mthumb -o "Drivers/STM32F1xx_HAL_Driver/Src/stm32f1xx_hal_pwr.o"
arm-none-eabi-gcc "../Drivers/STM32F1xx_HAL_Driver/Src/stm32f1xx_hal_rcc.c" -mcpu=cortex-m3 -std=gnu11 -g3 -DDEBUG -DUSE_HAL_DRIVER -DSTM32F103xB -c -I../Core/Inc -I../Drivers/STM32F1xx_HAL_Driver/Inc/Legacy -I../Drivers/STM32F1xx_HAL_Driver/Inc -I../Drivers/CMSIS/Device/ST/STM32F1xx/Include -I../Drivers/CMSIS/Include -O0 -ffunction-sections -fdata-sections -Wall -fstack-usage -fcyclomatic-complexity -MMD -MP -MF"Drivers/STM32F1xx_HAL_Driver/Src/stm32f1xx_hal_rcc.d" -MT"Drivers/STM32F1xx_HAL_Driver/Src/stm32f1xx_hal_rcc.o" --specs=nano.specs -mfloat-abi=soft -mthumb -o "Drivers/STM32F1xx_HAL_Driver/Src/stm32f1xx_hal_rcc.o"
arm-none-eabi-gcc "../Drivers/STM32F1xx_HAL_Driver/Src/stm32f1xx_hal_rcc_ex.c" -mcpu=cortex-m3 -std=gnu11 -g3 -DDEBUG -DUSE_HAL_DRIVER -DSTM32F103xB -c -I../Core/Inc -I../Drivers/STM32F1xx_HAL_Driver/Inc/Legacy -I../Drivers/STM32F1xx_HAL_Driver/Inc -I../Drivers/CMSIS/Device/ST/STM32F1xx/Include -I../Drivers/CMSIS/Include -O0 -ffunction-sections -fdata-sections -Wall -fstack-usage -fcyclomatic-complexity -MMD -MP -MF"Drivers/STM32F1xx_HAL_Driver/Src/stm32f1xx_hal_rcc_ex.d" -MT"Drivers/STM32F1xx_HAL_Driver/Src/stm32f1xx_hal_rcc_ex.o" --specs=nano.specs -mfloat-abi=soft -mthumb -o "Drivers/STM32F1xx_HAL_Driver/Src/stm32f1xx_hal_rcc_ex.o"
arm-none-eabi-gcc "../Drivers/STM32F1xx_HAL_Driver/Src/stm32f1xx_hal_tim.c" -mcpu=cortex-m3 -std=gnu11 -g3 -DDEBUG -DUSE_HAL_DRIVER -DSTM32F103xB -c -I../Core/Inc -I../Drivers/STM32F1xx_HAL_Driver/Inc/Legacy -I../Drivers/STM32F1xx_HAL_Driver/Inc -I../Drivers/CMSIS/Device/ST/STM32F1xx/Include -I../Drivers/CMSIS/Include -O0 -ffunction-sections -fdata-sections -Wall -fstack-usage -fcyclomatic-complexity -MMD -MP -MF"Drivers/STM32F1xx_HAL_Driver/Src/stm32f1xx_hal_tim.d" -MT"Drivers/STM32F1xx_HAL_Driver/Src/stm32f1xx_hal_tim.o" --specs=nano.specs -mfloat-abi=soft -mthumb -o "Drivers/STM32F1xx_HAL_Driver/Src/stm32f1xx_hal_tim.o"
arm-none-eabi-gcc "../Drivers/STM32F1xx_HAL_Driver/Src/stm32f1xx_hal_tim_ex.c" -mcpu=cortex-m3 -std=gnu11 -g3 -DDEBUG -DUSE_HAL_DRIVER -DSTM32F103xB -c -I../Core/Inc -I../Drivers/STM32F1xx_HAL_Driver/Inc/Legacy -I../Drivers/STM32F1xx_HAL_Driver/Inc -I../Drivers/CMSIS/Device/ST/STM32F1xx/Include -I../Drivers/CMSIS/Include -O0 -ffunction-sections -fdata-sections -Wall -fstack-usage -fcyclomatic-complexity -MMD -MP -MF"Drivers/STM32F1xx_HAL_Driver/Src/stm32f1xx_hal_tim_ex.d" -MT"Drivers/STM32F1xx_HAL_Driver/Src/stm32f1xx_hal_tim_ex.o" --specs=nano.specs -mfloat-abi=soft -mthumb -o "Drivers/STM32F1xx_HAL_Driver/Src/stm32f1xx_hal_tim_ex.o"
arm-none-eabi-gcc "../Drivers/STM32F1xx_HAL_Driver/Src/stm32f1xx_hal_uart.c" -mcpu=cortex-m3 -std=gnu11 -g3 -DDEBUG -DUSE_HAL_DRIVER -DSTM32F103xB -c -I../Core/Inc -I../Drivers/STM32F1xx_HAL_Driver/Inc/Legacy -I../Drivers/STM32F1xx_HAL_Driver/Inc -I../Drivers/CMSIS/Device/ST/STM32F1xx/Include -I../Drivers/CMSIS/Include -O0 -ffunction-sections -fdata-sections -Wall -fstack-usage -fcyclomatic-complexity -MMD -MP -MF"Drivers/STM32F1xx_HAL_Driver/Src/stm32f1xx_hal_uart.d" -MT"Drivers/STM32F1xx_HAL_Driver/Src/stm32f1xx_hal_uart.o" --specs=nano.specs -mfloat-abi=soft -mthumb -o "Drivers/STM32F1xx_HAL_Driver/Src/stm32f1xx_hal_uart.o"
arm-none-eabi-gcc "../Core/Src/main.c" -mcpu=cortex-m3 -std=gnu11 -g3 -DDEBUG -DUSE_HAL_DRIVER -DSTM32F103xB -c -I../Core/Inc -I../Drivers/STM32F1xx_HAL_Driver/Inc/Legacy -I../Drivers/STM32F1xx_HAL_Driver/Inc -I../Drivers/CMSIS/Device/ST/STM32F1xx/Include -I../Drivers/CMSIS/Include -O0 -ffunction-sections -fdata-sections -Wall -fstack-usage -fcyclomatic-complexity -MMD -MP -MF"Core/Src/main.d" -MT"Core/Src/main.o" --specs=nano.specs -mfloat-abi=soft -mthumb -o "Core/Src/main.o"
arm-none-eabi-gcc "../Core/Src/stm32f1xx_hal_msp.c" -mcpu=cortex-m3 -std=gnu11 -g3 -DDEBUG -DUSE_HAL_DRIVER -DSTM32F103xB -c -I../Core/Inc -I../Drivers/STM32F1xx_HAL_Driver/Inc/Legacy -I../Drivers/STM32F1xx_HAL_Driver/Inc -I../Drivers/CMSIS/Device/ST/STM32F1xx/Include -I../Drivers/CMSIS/Include -O0 -ffunction-sections -fdata-sections -Wall -fstack-usage -fcyclomatic-complexity -MMD -MP -MF"Core/Src/stm32f1xx_hal_msp.d" -MT"Core/Src/stm32f1xx_hal_msp.o" --specs=nano.specs -mfloat-abi=soft -mthumb -o "Core/Src/stm32f1xx_hal_msp.o"
arm-none-eabi-gcc "../Core/Src/stm32f1xx_it.c" -mcpu=cortex-m3 -std=gnu11 -g3 -DDEBUG -DUSE_HAL_DRIVER -DSTM32F103xB -c -I../Core/Inc -I../Drivers/STM32F1xx_HAL_Driver/Inc/Legacy -I../Drivers/STM32F1xx_HAL_Driver/Inc -I../Drivers/CMSIS/Device/ST/STM32F1xx/Include -I../Drivers/CMSIS/Include -O0 -ffunction-sections -fdata-sections -Wall -fstack-usage -fcyclomatic-complexity -MMD -MP -MF"Core/Src/stm32f1xx_it.d" -MT"Core/Src/stm32f1xx_it.o" --specs=nano.specs -mfloat-abi=soft -mthumb -o "Core/Src/stm32f1xx_it.o"
arm-none-eabi-gcc "../Core/Src/system_stm32f1xx.c" -mcpu=cortex-m3 -std=gnu11 -g3 -DDEBUG -DUSE_HAL_DRIVER -DSTM32F103xB -c -I../Core/Inc -I../Drivers/STM32F1xx_HAL_Driver/Inc/Legacy -I../Drivers/STM32F1xx_HAL_Driver/Inc -I../Drivers/CMSIS/Device/ST/STM32F1xx/Include -I../Drivers/CMSIS/Include -O0 -ffunction-sections -fdata-sections -Wall -fstack-usage -fcyclomatic-complexity -MMD -MP -MF"Core/Src/system_stm32f1xx.d" -MT"Core/Src/system_stm32f1xx.o" --specs=nano.specs -mfloat-abi=soft -mthumb -o "Core/Src/system_stm32f1xx.o"
arm-none-eabi-gcc -o "uart.elf" @"objects.list"   -mcpu=cortex-m3 -T"/home/aizaz/devomech/learning/stm32-f1/uart/STM32F103C8TX_FLASH.ld" --specs=nosys.specs -Wl,-Map="uart.map" -Wl,--gc-sections -static --specs=nano.specs -mfloat-abi=soft -mthumb -Wl,--start-group -lc -lm -Wl,--end-group
Finished building target: uart.elf
 
arm-none-eabi-size  uart.elf 
arm-none-eabi-objdump -h -S uart.elf  > "uart.list"
   text	   data	    bss	    dec	    hex	filename
   5316	     12	   1644	   6972	   1b3c	uart.elf
Finished building: default.size.stdout
 
Finished building: uart.list
 
16:03:23 **** Incremental Build of configuration Debug for project uart ****
make -j8 all 
arm-none-eabi-gcc "../Drivers/STM32F1xx_HAL_Driver/Src/stm32f1xx_hal.c" -mcpu=cortex-m3 -std=gnu11 -g3 -DDEBUG -DUSE_HAL_DRIVER -DSTM32F103xB -c -I../Core/Inc -I../Drivers/STM32F1xx_HAL_Driver/Inc/Legacy -I../Drivers/STM32F1xx_HAL_Driver/Inc -I../Drivers/CMSIS/Device/ST/STM32F1xx/Include -I../Drivers/CMSIS/Include -O0 -ffunction-sections -fdata-sections -Wall -fstack-usage -fcyclomatic-complexity -MMD -MP -MF"Drivers/STM32F1xx_HAL_Driver/Src/stm32f1xx_hal.d" -MT"Drivers/STM32F1xx_HAL_Driver/Src/stm32f1xx_hal.o" --specs=nano.specs -mfloat-abi=soft -mthumb -o "Drivers/STM32F1xx_HAL_Driver/Src/stm32f1xx_hal.o"
arm-none-eabi-gcc "../Drivers/STM32F1xx_HAL_Driver/Src/stm32f1xx_hal_cortex.c" -mcpu=cortex-m3 -std=gnu11 -g3 -DDEBUG -DUSE_HAL_DRIVER -DSTM32F103xB -c -I../Core/Inc -I../Drivers/STM32F1xx_HAL_Driver/Inc/Legacy -I../Drivers/STM32F1xx_HAL_Driver/Inc -I../Drivers/CMSIS/Device/ST/STM32F1xx/Include -I../Drivers/CMSIS/Include -O0 -ffunction-sections -fdata-sections -Wall -fstack-usage -fcyclomatic-complexity -MMD -MP -MF"Drivers/STM32F1xx_HAL_Driver/Src/stm32f1xx_hal_cortex.d" -MT"Drivers/STM32F1xx_HAL_Driver/Src/stm32f1xx_hal_cortex.o" --specs=nano.specs -mfloat-abi=soft -mthumb -o "Drivers/STM32F1xx_HAL_Driver/Src/stm32f1xx_hal_cortex.o"
arm-none-eabi-gcc "../Drivers/STM32F1xx_HAL_Driver/Src/stm32f1xx_hal_dma.c" -mcpu=cortex-m3 -std=gnu11 -g3 -DDEBUG -DUSE_HAL_DRIVER -DSTM32F103xB -c -I../Core/Inc -I../Drivers/STM32F1xx_HAL_Driver/Inc/Legacy -I../Drivers/STM32F1xx_HAL_Driver/Inc -I../Drivers/CMSIS/Device/ST/STM32F1xx/Include -I../Drivers/CMSIS/Include -O0 -ffunction-sections -fdata-sections -Wall -fstack-usage -fcyclomatic-complexity -MMD -MP -MF"Drivers/STM32F1xx_HAL_Driver/Src/stm32f1xx_hal_dma.d" -MT"Drivers/STM32F1xx_HAL_Driver/Src/stm32f1xx_hal_dma.o" --specs=nano.specs -mfloat-abi=soft -mthumb -o "Drivers/STM32F1xx_HAL_Driver/Src/stm32f1xx_hal_dma.o"
arm-none-eabi-gcc "../Drivers/STM32F1xx_HAL_Driver/Src/stm32f1xx_hal_exti.c" -mcpu=cortex-m3 -std=gnu11 -g3 -DDEBUG -DUSE_HAL_DRIVER -DSTM32F103xB -c -I../Core/Inc -I../Drivers/STM32F1xx_HAL_Driver/Inc/Legacy -I../Drivers/STM32F1xx_HAL_Driver/Inc -I../Drivers/CMSIS/Device/ST/STM32F1xx/Include -I../Drivers/CMSIS/Include -O0 -ffunction-sections -fdata-sections -Wall -fstack-usage -fcyclomatic-complexity -MMD -MP -MF"Drivers/STM32F1xx_HAL_Driver/Src/stm32f1xx_hal_exti.d" -MT"Drivers/STM32F1xx_HAL_Driver/Src/stm32f1xx_hal_exti.o" --specs=nano.specs -mfloat-abi=soft -mthumb -o "Drivers/STM32F1xx_HAL_Driver/Src/stm32f1xx_hal_exti.o"
arm-none-eabi-gcc "../Drivers/STM32F1xx_HAL_Driver/Src/stm32f1xx_hal_flash.c" -mcpu=cortex-m3 -std=gnu11 -g3 -DDEBUG -DUSE_HAL_DRIVER -DSTM32F103xB -c -I../Core/Inc -I../Drivers/STM32F1xx_HAL_Driver/Inc/Legacy -I../Drivers/STM32F1xx_HAL_Driver/Inc -I../Drivers/CMSIS/Device/ST/STM32F1xx/Include -I../Drivers/CMSIS/Include -O0 -ffunction-sections -fdata-sections -Wall -fstack-usage -fcyclomatic-complexity -MMD -MP -MF"Drivers/STM32F1xx_HAL_Driver/Src/stm32f1xx_hal_flash.d" -MT"Drivers/STM32F1xx_HAL_Driver/Src/stm32f1xx_hal_flash.o" --specs=nano.specs -mfloat-abi=soft -mthumb -o "Drivers/STM32F1xx_HAL_Driver/Src/stm32f1xx_hal_flash.o"
arm-none-eabi-gcc "../Drivers/STM32F1xx_HAL_Driver/Src/stm32f1xx_hal_flash_ex.c" -mcpu=cortex-m3 -std=gnu11 -g3 -DDEBUG -DUSE_HAL_DRIVER -DSTM32F103xB -c -I../Core/Inc -I../Drivers/STM32F1xx_HAL_Driver/Inc/Legacy -I../Drivers/STM32F1xx_HAL_Driver/Inc -I../Drivers/CMSIS/Device/ST/STM32F1xx/Include -I../Drivers/CMSIS/Include -O0 -ffunction-sections -fdata-sections -Wall -fstack-usage -fcyclomatic-complexity -MMD -MP -MF"Drivers/STM32F1xx_HAL_Driver/Src/stm32f1xx_hal_flash_ex.d" -MT"Drivers/STM32F1xx_HAL_Driver/Src/stm32f1xx_hal_flash_ex.o" --specs=nano.specs -mfloat-abi=soft -mthumb -o "Drivers/STM32F1xx_HAL_Driver/Src/stm32f1xx_hal_flash_ex.o"
arm-none-eabi-gcc "../Drivers/STM32F1xx_HAL_Driver/Src/stm32f1xx_hal_gpio.c" -mcpu=cortex-m3 -std=gnu11 -g3 -DDEBUG -DUSE_HAL_DRIVER -DSTM32F103xB -c -I../Core/Inc -I../Drivers/STM32F1xx_HAL_Driver/Inc/Legacy -I../Drivers/STM32F1xx_HAL_Driver/Inc -I../Drivers/CMSIS/Device/ST/STM32F1xx/Include -I../Drivers/CMSIS/Include -O0 -ffunction-sections -fdata-sections -Wall -fstack-usage -fcyclomatic-complexity -MMD -MP -MF"Drivers/STM32F1xx_HAL_Driver/Src/stm32f1xx_hal_gpio.d" -MT"Drivers/STM32F1xx_HAL_Driver/Src/stm32f1xx_hal_gpio.o" --specs=nano.specs -mfloat-abi=soft -mthumb -o "Drivers/STM32F1xx_HAL_Driver/Src/stm32f1xx_hal_gpio.o"
arm-none-eabi-gcc "../Drivers/STM32F1xx_HAL_Driver/Src/stm32f1xx_hal_gpio_ex.c" -mcpu=cortex-m3 -std=gnu11 -g3 -DDEBUG -DUSE_HAL_DRIVER -DSTM32F103xB -c -I../Core/Inc -I../Drivers/STM32F1xx_HAL_Driver/Inc/Legacy -I../Drivers/STM32F1xx_HAL_Driver/Inc -I../Drivers/CMSIS/Device/ST/STM32F1xx/Include -I../Drivers/CMSIS/Include -O0 -ffunction-sections -fdata-sections -Wall -fstack-usage -fcyclomatic-complexity -MMD -MP -MF"Drivers/STM32F1xx_HAL_Driver/Src/stm32f1xx_hal_gpio_ex.d" -MT"Drivers/STM32F1xx_HAL_Driver/Src/stm32f1xx_hal_gpio_ex.o" --specs=nano.specs -mfloat-abi=soft -mthumb -o "Drivers/STM32F1xx_HAL_Driver/Src/stm32f1xx_hal_gpio_ex.o"
arm-none-eabi-gcc "../Drivers/STM32F1xx_HAL_Driver/Src/stm32f1xx_hal_pwr.c" -mcpu=cortex-m3 -std=gnu11 -g3 -DDEBUG -DUSE_HAL_DRIVER -DSTM32F103xB -c -I../Core/Inc -I../Drivers/STM32F1xx_HAL_Driver/Inc/Legacy -I../Drivers/STM32F1xx_HAL_Driver/Inc -I../Drivers/CMSIS/Device/ST/STM32F1xx/Include -I../Drivers/CMSIS/Include -O0 -ffunction-sections -fdata-sections -Wall -fstack-usage -fcyclomatic-complexity -MMD -MP -MF"Drivers/STM32F1xx_HAL_Driver/Src/stm32f1xx_hal_pwr.d" -MT"Drivers/STM32F1xx_HAL_Driver/Src/stm32f1xx_hal_pwr.o" --specs=nano.specs -mfloat-abi=soft -mthumb -o "Drivers/STM32F1xx_HAL_Driver/Src/stm32f1xx_hal_pwr.o"
arm-none-eabi-gcc "../Drivers/STM32F1xx_HAL_Driver/Src/stm32f1xx_hal_rcc.c" -mcpu=cortex-m3 -std=gnu11 -g3 -DDEBUG -DUSE_HAL_DRIVER -DSTM32F103xB -c -I../Core/Inc -I../Drivers/STM32F1xx_HAL_Driver/Inc/Legacy -I../Drivers/STM32F1xx_HAL_Driver/Inc -I../Drivers/CMSIS/Device/ST/STM32F1xx/Include -I../Drivers/CMSIS/Include -O0 -ffunction-sections -fdata-sections -Wall -fstack-usage -fcyclomatic-complexity -MMD -MP -MF"Drivers/STM32F1xx_HAL_Driver/Src/stm32f1xx_hal_rcc.d" -MT"Drivers/STM32F1xx_HAL_Driver/Src/stm32f1xx_hal_rcc.o" --specs=nano.specs -mfloat-abi=soft -mthumb -o "Drivers/STM32F1xx_HAL_Driver/Src/stm32f1xx_hal_rcc.o"
arm-none-eabi-gcc "../Drivers/STM32F1xx_HAL_Driver/Src/stm32f1xx_hal_rcc_ex.c" -mcpu=cortex-m3 -std=gnu11 -g3 -DDEBUG -DUSE_HAL_DRIVER -DSTM32F103xB -c -I../Core/Inc -I../Drivers/STM32F1xx_HAL_Driver/Inc/Legacy -I../Drivers/STM32F1xx_HAL_Driver/Inc -I../Drivers/CMSIS/Device/ST/STM32F1xx/Include -I../Drivers/CMSIS/Include -O0 -ffunction-sections -fdata-sections -Wall -fstack-usage -fcyclomatic-complexity -MMD -MP -MF"Drivers/STM32F1xx_HAL_Driver/Src/stm32f1xx_hal_rcc_ex.d" -MT"Drivers/STM32F1xx_HAL_Driver/Src/stm32f1xx_hal_rcc_ex.o" --specs=nano.specs -mfloat-abi=soft -mthumb -o "Drivers/STM32F1xx_HAL_Driver/Src/stm32f1xx_hal_rcc_ex.o"
arm-none-eabi-gcc "../Drivers/STM32F1xx_HAL_Driver/Src/stm32f1xx_hal_tim.c" -mcpu=cortex-m3 -std=gnu11 -g3 -DDEBUG -DUSE_HAL_DRIVER -DSTM32F103xB -c -I../Core/Inc -I../Drivers/STM32F1xx_HAL_Driver/Inc/Legacy -I../Drivers/STM32F1xx_HAL_Driver/Inc -I../Drivers/CMSIS/Device/ST/STM32F1xx/Include -I../Drivers/CMSIS/Include -O0 -ffunction-sections -fdata-sections -Wall -fstack-usage -fcyclomatic-complexity -MMD -MP -MF"Drivers/STM32F1xx_HAL_Driver/Src/stm32f1xx_hal_tim.d" -MT"Drivers/STM32F1xx_HAL_Driver/Src/stm32f1xx_hal_tim.o" --specs=nano.specs -mfloat-abi=soft -mthumb -o "Drivers/STM32F1xx_HAL_Driver/Src/stm32f1xx_hal_tim.o"
arm-none-eabi-gcc "../Drivers/STM32F1xx_HAL_Driver/Src/stm32f1xx_hal_tim_ex.c" -mcpu=cortex-m3 -std=gnu11 -g3 -DDEBUG -DUSE_HAL_DRIVER -DSTM32F103xB -c -I../Core/Inc -I../Drivers/STM32F1xx_HAL_Driver/Inc/Legacy -I../Drivers/STM32F1xx_HAL_Driver/Inc -I../Drivers/CMSIS/Device/ST/STM32F1xx/Include -I../Drivers/CMSIS/Include -O0 -ffunction-sections -fdata-sections -Wall -fstack-usage -fcyclomatic-complexity -MMD -MP -MF"Drivers/STM32F1xx_HAL_Driver/Src/stm32f1xx_hal_tim_ex.d" -MT"Drivers/STM32F1xx_HAL_Driver/Src/stm32f1xx_hal_tim_ex.o" --specs=nano.specs -mfloat-abi=soft -mthumb -o "Drivers/STM32F1xx_HAL_Driver/Src/stm32f1xx_hal_tim_ex.o"
arm-none-eabi-gcc "../Drivers/STM32F1xx_HAL_Driver/Src/stm32f1xx_hal_uart.c" -mcpu=cortex-m3 -std=gnu11 -g3 -DDEBUG -DUSE_HAL_DRIVER -DSTM32F103xB -c -I../Core/Inc -I../Drivers/STM32F1xx_HAL_Driver/Inc/Legacy -I../Drivers/STM32F1xx_HAL_Driver/Inc -I../Drivers/CMSIS/Device/ST/STM32F1xx/Include -I../Drivers/CMSIS/Include -O0 -ffunction-sections -fdata-sections -Wall -fstack-usage -fcyclomatic-complexity -MMD -MP -MF"Drivers/STM32F1xx_HAL_Driver/Src/stm32f1xx_hal_uart.d" -MT"Drivers/STM32F1xx_HAL_Driver/Src/stm32f1xx_hal_uart.o" --specs=nano.specs -mfloat-abi=soft -mthumb -o "Drivers/STM32F1xx_HAL_Driver/Src/stm32f1xx_hal_uart.o"
arm-none-eabi-gcc "../Core/Src/main.c" -mcpu=cortex-m3 -std=gnu11 -g3 -DDEBUG -DUSE_HAL_DRIVER -DSTM32F103xB -c -I../Core/Inc -I../Drivers/STM32F1xx_HAL_Driver/Inc/Legacy -I../Drivers/STM32F1xx_HAL_Driver/Inc -I../Drivers/CMSIS/Device/ST/STM32F1xx/Include -I../Drivers/CMSIS/Include -O0 -ffunction-sections -fdata-sections -Wall -fstack-usage -fcyclomatic-complexity -MMD -MP -MF"Core/Src/main.d" -MT"Core/Src/main.o" --specs=nano.specs -mfloat-abi=soft -mthumb -o "Core/Src/main.o"
arm-none-eabi-gcc "../Core/Src/stm32f1xx_hal_msp.c" -mcpu=cortex-m3 -std=gnu11 -g3 -DDEBUG -DUSE_HAL_DRIVER -DSTM32F103xB -c -I../Core/Inc -I../Drivers/STM32F1xx_HAL_Driver/Inc/Legacy -I../Drivers/STM32F1xx_HAL_Driver/Inc -I../Drivers/CMSIS/Device/ST/STM32F1xx/Include -I../Drivers/CMSIS/Include -O0 -ffunction-sections -fdata-sections -Wall -fstack-usage -fcyclomatic-complexity -MMD -MP -MF"Core/Src/stm32f1xx_hal_msp.d" -MT"Core/Src/stm32f1xx_hal_msp.o" --specs=nano.specs -mfloat-abi=soft -mthumb -o "Core/Src/stm32f1xx_hal_msp.o"
arm-none-eabi-gcc "../Core/Src/stm32f1xx_it.c" -mcpu=cortex-m3 -std=gnu11 -g3 -DDEBUG -DUSE_HAL_DRIVER -DSTM32F103xB -c -I../Core/Inc -I../Drivers/STM32F1xx_HAL_Driver/Inc/Legacy -I../Drivers/STM32F1xx_HAL_Driver/Inc -I../Drivers/CMSIS/Device/ST/STM32F1xx/Include -I../Drivers/CMSIS/Include -O0 -ffunction-sections -fdata-sections -Wall -fstack-usage -fcyclomatic-complexity -MMD -MP -MF"Core/Src/stm32f1xx_it.d" -MT"Core/Src/stm32f1xx_it.o" --specs=nano.specs -mfloat-abi=soft -mthumb -o "Core/Src/stm32f1xx_it.o"
arm-none-eabi-gcc "../Core/Src/system_stm32f1xx.c" -mcpu=cortex-m3 -std=gnu11 -g3 -DDEBUG -DUSE_HAL_DRIVER -DSTM32F103xB -c -I../Core/Inc -I../Drivers/STM32F1xx_HAL_Driver/Inc/Legacy -I../Drivers/STM32F1xx_HAL_Driver/Inc -I../Drivers/CMSIS/Device/ST/STM32F1xx/Include -I../Drivers/CMSIS/Include -O0 -ffunction-sections -fdata-sections -Wall -fstack-usage -fcyclomatic-complexity -MMD -MP -MF"Core/Src/system_stm32f1xx.d" -MT"Core/Src/system_stm32f1xx.o" --specs=nano.specs -mfloat-abi=soft -mthumb -o "Core/Src/system_stm32f1xx.o"
arm-none-eabi-gcc -o "uart.elf" @"objects.list"   -mcpu=cortex-m3 -T"/home/aizaz/devomech/learning/stm32-f1/uart/STM32F103C8TX_FLASH.ld" --specs=nosys.specs -Wl,-Map="uart.map" -Wl,--gc-sections -static --specs=nano.specs -mfloat-abi=soft -mthumb -Wl,--start-group -lc -lm -Wl,--end-group
Finished building target: uart.elf
 
arm-none-eabi-size  uart.elf 
arm-none-eabi-objdump -h -S uart.elf  > "uart.list"
   text	   data	    bss	    dec	    hex	filename
   5316	     12	   1644	   6972	   1b3c	uart.elf
Finished building: default.size.stdout
 
Finished building: uart.list
 
16:04:42 **** Incremental Build of configuration Debug for project uart ****
make -j8 all 
arm-none-eabi-size  uart.elf 
   text	   data	    bss	    dec	    hex	filename
   5316	     12	   1644	   6972	   1b3c	uart.elf
Finished building: default.size.stdout
 
16:04:58 **** Incremental Build of configuration Debug for project uart ****
make -j8 all 
arm-none-eabi-size  uart.elf 
   text	   data	    bss	    dec	    hex	filename
   5316	     12	   1644	   6972	   1b3c	uart.elf
Finished building: default.size.stdout
 
16:11:34 **** Incremental Build of configuration Debug for project uart ****
make -j8 all 
arm-none-eabi-gcc "../Core/Src/main.c" -mcpu=cortex-m3 -std=gnu11 -g3 -DDEBUG -DUSE_HAL_DRIVER -DSTM32F103xB -c -I../Core/Inc -I../Drivers/STM32F1xx_HAL_Driver/Inc/Legacy -I../Drivers/STM32F1xx_HAL_Driver/Inc -I../Drivers/CMSIS/Device/ST/STM32F1xx/Include -I../Drivers/CMSIS/Include -O0 -ffunction-sections -fdata-sections -Wall -fstack-usage -fcyclomatic-complexity -MMD -MP -MF"Core/Src/main.d" -MT"Core/Src/main.o" --specs=nano.specs -mfloat-abi=soft -mthumb -o "Core/Src/main.o"
../Core/Src/main.c: In function 'main':
../Core/Src/main.c:102:37: warning: pointer targets in passing argument 2 of 'HAL_UART_Transmit' differ in signedness [-Wpointer-sign]
  102 |           HAL_UART_Transmit(&huart1,buff,sizeof(buff),HAL_MAX_DELAY);
      |                                     ^~~~
      |                                     |
      |                                     char *
In file included from ../Core/Inc/stm32f1xx_hal_conf.h:338,
                 from ../Drivers/STM32F1xx_HAL_Driver/Inc/stm32f1xx_hal.h:29,
                 from ../Core/Inc/main.h:30,
                 from ../Core/Src/main.c:20:
../Drivers/STM32F1xx_HAL_Driver/Inc/stm32f1xx_hal_uart.h:749:79: note: expected 'const uint8_t *' {aka 'const unsigned char *'} but argument is of type 'char *'
  749 | HAL_StatusTypeDef HAL_UART_Transmit(UART_HandleTypeDef *huart, const uint8_t *pData, uint16_t Size, uint32_t Timeout);
      |                                                                ~~~~~~~~~~~~~~~^~~~~
arm-none-eabi-gcc -o "uart.elf" @"objects.list"   -mcpu=cortex-m3 -T"/home/aizaz/devomech/learning/stm32-f1/uart/STM32F103C8TX_FLASH.ld" --specs=nosys.specs -Wl,-Map="uart.map" -Wl,--gc-sections -static --specs=nano.specs -mfloat-abi=soft -mthumb -Wl,--start-group -lc -lm -Wl,--end-group
Finished building target: uart.elf
 
arm-none-eabi-size  uart.elf 
arm-none-eabi-objdump -h -S uart.elf  > "uart.list"
   text	   data	    bss	    dec	    hex	filename
   6072	     20	   1644	   7736	   1e38	uart.elf
Finished building: default.size.stdout
 
Finished building: uart.list
 
16:11:44 **** Incremental Build of configuration Debug for project uart ****
make -j8 all 
arm-none-eabi-size  uart.elf 
   text	   data	    bss	    dec	    hex	filename
   6072	     20	   1644	   7736	   1e38	uart.elf
Finished building: default.size.stdout
 
16:12:25 **** Incremental Build of configuration Debug for project uart ****
make -j8 all 
arm-none-eabi-size  uart.elf 
   text	   data	    bss	    dec	    hex	filename
   6072	     20	   1644	   7736	   1e38	uart.elf
Finished building: default.size.stdout
 
16:14:02 **** Incremental Build of configuration Debug for project uart ****
make -j8 all 
arm-none-eabi-size  uart.elf 
   text	   data	    bss	    dec	    hex	filename
   6072	     20	   1644	   7736	   1e38	uart.elf
Finished building: default.size.stdout
 
16:16:35 **** Incremental Build of configuration Debug for project uart ****
make -j8 all 
arm-none-eabi-size  uart.elf 
   text	   data	    bss	    dec	    hex	filename
   6072	     20	   1644	   7736	   1e38	uart.elf
Finished building: default.size.stdout
 
16:17:29 **** Incremental Build of configuration Debug for project uart ****
make -j8 all 
arm-none-eabi-size  uart.elf 
   text	   data	    bss	    dec	    hex	filename
   6072	     20	   1644	   7736	   1e38	uart.elf
Finished building: default.size.stdout
 
16:21:10 **** Incremental Build of configuration Debug for project uart ****
make -j8 all 
arm-none-eabi-size  uart.elf 
   text	   data	    bss	    dec	    hex	filename
   6072	     20	   1644	   7736	   1e38	uart.elf
Finished building: default.size.stdout
 
16:22:49 **** Incremental Build of configuration Debug for project uart ****
make -j8 all 
arm-none-eabi-size  uart.elf 
   text	   data	    bss	    dec	    hex	filename
   6072	     20	   1644	   7736	   1e38	uart.elf
Finished building: default.size.stdout
 
16:23:43 **** Incremental Build of configuration Debug for project uart ****
make -j8 all 
arm-none-eabi-size  uart.elf 
   text	   data	    bss	    dec	    hex	filename
   6072	     20	   1644	   7736	   1e38	uart.elf
Finished building: default.size.stdout
 
16:25:45 **** Incremental Build of configuration Debug for project uart ****
make -j8 all 
arm-none-eabi-size  uart.elf 
   text	   data	    bss	    dec	    hex	filename
   6072	     20	   1644	   7736	   1e38	uart.elf
Finished building: default.size.stdout
 
16:25:59 **** Incremental Build of configuration Debug for project uart ****
make -j8 all 
arm-none-eabi-size  uart.elf 
   text	   data	    bss	    dec	    hex	filename
   6072	     20	   1644	   7736	   1e38	uart.elf
Finished building: default.size.stdout
 
16:27:57 **** Incremental Build of configuration Debug for project uart ****
make -j8 all 
arm-none-eabi-size  uart.elf 
   text	   data	    bss	    dec	    hex	filename
   6072	     20	   1644	   7736	   1e38	uart.elf
Finished building: default.size.stdout
 
16:29:18 **** Incremental Build of configuration Debug for project uart ****
make -j8 all 
arm-none-eabi-gcc "../Core/Src/main.c" -mcpu=cortex-m3 -std=gnu11 -g3 -DDEBUG -DUSE_HAL_DRIVER -DSTM32F103xB -c -I../Core/Inc -I../Drivers/STM32F1xx_HAL_Driver/Inc/Legacy -I../Drivers/STM32F1xx_HAL_Driver/Inc -I../Drivers/CMSIS/Device/ST/STM32F1xx/Include -I../Drivers/CMSIS/Include -O0 -ffunction-sections -fdata-sections -Wall -fstack-usage -fcyclomatic-complexity -MMD -MP -MF"Core/Src/main.d" -MT"Core/Src/main.o" --specs=nano.specs -mfloat-abi=soft -mthumb -o "Core/Src/main.o"
../Core/Src/main.c: In function 'main':
../Core/Src/main.c:102:37: warning: pointer targets in passing argument 2 of 'HAL_UART_Transmit' differ in signedness [-Wpointer-sign]
  102 |           HAL_UART_Transmit(&huart1,buff,sizeof(buff),HAL_MAX_DELAY);
      |                                     ^~~~
      |                                     |
      |                                     char *
In file included from ../Core/Inc/stm32f1xx_hal_conf.h:338,
                 from ../Drivers/STM32F1xx_HAL_Driver/Inc/stm32f1xx_hal.h:29,
                 from ../Core/Inc/main.h:30,
                 from ../Core/Src/main.c:20:
../Drivers/STM32F1xx_HAL_Driver/Inc/stm32f1xx_hal_uart.h:749:79: note: expected 'const uint8_t *' {aka 'const unsigned char *'} but argument is of type 'char *'
  749 | HAL_StatusTypeDef HAL_UART_Transmit(UART_HandleTypeDef *huart, const uint8_t *pData, uint16_t Size, uint32_t Timeout);
      |                                                                ~~~~~~~~~~~~~~~^~~~~
arm-none-eabi-gcc -o "uart.elf" @"objects.list"   -mcpu=cortex-m3 -T"/home/aizaz/devomech/learning/stm32-f1/uart/STM32F103C8TX_FLASH.ld" --specs=nosys.specs -Wl,-Map="uart.map" -Wl,--gc-sections -static --specs=nano.specs -mfloat-abi=soft -mthumb -Wl,--start-group -lc -lm -Wl,--end-group
Finished building target: uart.elf
 
arm-none-eabi-size  uart.elf 
arm-none-eabi-objdump -h -S uart.elf  > "uart.list"
   text	   data	    bss	    dec	    hex	filename
   6072	     20	   1644	   7736	   1e38	uart.elf
Finished building: default.size.stdout
 
Finished building: uart.list
 
16:33:59 **** Incremental Build of configuration Debug for project uart ****
make -j8 all 
arm-none-eabi-gcc "../Core/Src/main.c" -mcpu=cortex-m3 -std=gnu11 -g3 -DDEBUG -DUSE_HAL_DRIVER -DSTM32F103xB -c -I../Core/Inc -I../Drivers/STM32F1xx_HAL_Driver/Inc/Legacy -I../Drivers/STM32F1xx_HAL_Driver/Inc -I../Drivers/CMSIS/Device/ST/STM32F1xx/Include -I../Drivers/CMSIS/Include -O0 -ffunction-sections -fdata-sections -Wall -fstack-usage -fcyclomatic-complexity -MMD -MP -MF"Core/Src/main.d" -MT"Core/Src/main.o" --specs=nano.specs -mfloat-abi=soft -mthumb -o "Core/Src/main.o"
arm-none-eabi-gcc -o "uart.elf" @"objects.list"   -mcpu=cortex-m3 -T"/home/aizaz/devomech/learning/stm32-f1/uart/STM32F103C8TX_FLASH.ld" --specs=nosys.specs -Wl,-Map="uart.map" -Wl,--gc-sections -static --specs=nano.specs -mfloat-abi=soft -mthumb -Wl,--start-group -lc -lm -Wl,--end-group
Finished building target: uart.elf
 
arm-none-eabi-size  uart.elf 
arm-none-eabi-objdump -h -S uart.elf  > "uart.list"
   text	   data	    bss	    dec	    hex	filename
   6104	     20	   1644	   7768	   1e58	uart.elf
Finished building: default.size.stdout
 
Finished building: uart.list
 
16:34:11 **** Incremental Build of configuration Debug for project uart ****
make -j8 all 
arm-none-eabi-size  uart.elf 
   text	   data	    bss	    dec	    hex	filename
   6104	     20	   1644	   7768	   1e58	uart.elf
Finished building: default.size.stdout
 
16:35:02 **** Incremental Build of configuration Debug for project uart ****
make -j8 all 
arm-none-eabi-size  uart.elf 
   text	   data	    bss	    dec	    hex	filename
   6104	     20	   1644	   7768	   1e58	uart.elf
Finished building: default.size.stdout
 
